

times in msec
 clock   self+sourced   self:  sourced script
 clock   elapsed:              other lines

000.006  000.006: --- NVIM STARTING ---
000.070  000.063: event init
000.155  000.085: early init
000.186  000.031: locale set
000.204  000.018: init first window
000.386  000.182: inits 1
000.394  000.008: window checked
000.428  000.034: parsing arguments
000.747  000.046  000.046: require('vim.shared')
000.821  000.026  000.026: require('vim._meta')
000.822  000.073  000.047: require('vim._editor')
000.823  000.144  000.025: require('vim._init_packages')
000.825  000.253: init lua interpreter
000.875  000.050: expanding arguments
000.900  000.025: inits 2
001.068  000.168: init highlight
001.069  000.001: waiting for UI
001.786  000.717: done waiting for UI
001.799  000.013: init screen for UI
001.970  000.172: init default mappings
001.982  000.011: init default autocommands
002.790  000.051  000.051: sourcing /home/linuxbrew/.linuxbrew/Cellar/neovim/0.8.1/share/nvim/runtime/ftplugin.vim
002.915  000.022  000.022: sourcing /home/linuxbrew/.linuxbrew/Cellar/neovim/0.8.1/share/nvim/runtime/indent.vim
009.450  006.455  006.455: require('impatient')
009.908  000.011  000.011: sourcing /home/brian/.local/share/nvim/site/pack/packer/start/LuaSnip/ftdetect/snippets.vim
010.027  000.006  000.006: sourcing /home/brian/.local/share/nvim/site/pack/packer/start/vim-fugitive/ftdetect/fugitive.vim
010.284  000.470  000.454: sourcing /home/linuxbrew/.linuxbrew/Cellar/neovim/0.8.1/share/nvim/runtime/filetype.lua
010.326  000.029  000.029: sourcing /home/linuxbrew/.linuxbrew/Cellar/neovim/0.8.1/share/nvim/runtime/filetype.vim
010.487  000.009  000.009: sourcing /home/linuxbrew/.linuxbrew/Cellar/neovim/0.8.1/share/nvim/runtime/ftplugin.vim
010.582  000.005  000.005: sourcing /home/linuxbrew/.linuxbrew/Cellar/neovim/0.8.1/share/nvim/runtime/indent.vim
021.364  011.790  011.278: require('config.settings')
021.463  000.005  000.005: require('vim.keymap')
022.335  000.965  000.960: require('config.keymaps')
022.456  000.117  000.117: require('config.autocmd')
022.760  000.035  000.035: require('packer.util')
022.832  000.203  000.168: require('packer')
023.173  000.182  000.182: require('packer.log')
023.288  000.041  000.041: require('packer.async')
023.372  000.030  000.030: require('packer.result')
023.377  000.086  000.056: require('packer.jobs')
023.380  000.187  000.060: require('packer.plugin_utils')
023.451  000.065  000.065: require('packer.snapshot')
023.606  001.148  000.510: require('config.packer')
023.609  014.150  000.130: require('config')
023.610  020.645  000.041: sourcing /home/brian/.config/nvim/init.lua
023.618  000.918: sourcing vimrc file(s)
024.433  000.103  000.103: sourcing /home/linuxbrew/.linuxbrew/Cellar/neovim/0.8.1/share/nvim/runtime/syntax/synload.vim
024.580  000.945  000.842: sourcing /home/linuxbrew/.linuxbrew/Cellar/neovim/0.8.1/share/nvim/runtime/syntax/syntax.vim
025.802  000.195  000.195: sourcing /home/linuxbrew/.linuxbrew/Cellar/neovim/0.8.1/share/nvim/runtime/plugin/gzip.vim
025.821  000.006  000.006: sourcing /home/linuxbrew/.linuxbrew/Cellar/neovim/0.8.1/share/nvim/runtime/plugin/health.vim
026.133  000.128  000.128: sourcing /home/linuxbrew/.linuxbrew/Cellar/neovim/0.8.1/share/nvim/runtime/pack/dist/opt/matchit/plugin/matchit.vim
026.195  000.366  000.238: sourcing /home/linuxbrew/.linuxbrew/Cellar/neovim/0.8.1/share/nvim/runtime/plugin/matchit.vim
026.308  000.103  000.103: sourcing /home/linuxbrew/.linuxbrew/Cellar/neovim/0.8.1/share/nvim/runtime/plugin/matchparen.vim
026.592  000.257  000.257: sourcing /home/linuxbrew/.linuxbrew/Cellar/neovim/0.8.1/share/nvim/runtime/plugin/netrwPlugin.vim
026.730  000.007  000.007: sourcing /home/brian/.local/share/nvim/rplugin.vim
026.736  000.116  000.109: sourcing /home/linuxbrew/.linuxbrew/Cellar/neovim/0.8.1/share/nvim/runtime/plugin/rplugin.vim
026.791  000.044  000.044: sourcing /home/linuxbrew/.linuxbrew/Cellar/neovim/0.8.1/share/nvim/runtime/plugin/shada.vim
026.830  000.018  000.018: sourcing /home/linuxbrew/.linuxbrew/Cellar/neovim/0.8.1/share/nvim/runtime/plugin/spellfile.vim
026.961  000.075  000.075: sourcing /home/linuxbrew/.linuxbrew/Cellar/neovim/0.8.1/share/nvim/runtime/plugin/tarPlugin.vim
027.037  000.056  000.056: sourcing /home/linuxbrew/.linuxbrew/Cellar/neovim/0.8.1/share/nvim/runtime/plugin/tohtml.vim
027.064  000.013  000.013: sourcing /home/linuxbrew/.linuxbrew/Cellar/neovim/0.8.1/share/nvim/runtime/plugin/tutor.vim
027.189  000.111  000.111: sourcing /home/linuxbrew/.linuxbrew/Cellar/neovim/0.8.1/share/nvim/runtime/plugin/zipPlugin.vim
028.069  000.159  000.159: sourcing /home/brian/.local/share/nvim/site/pack/packer/opt/vim-sandwich/plugin/operator/sandwich.vim
028.181  000.092  000.092: sourcing /home/brian/.local/share/nvim/site/pack/packer/opt/vim-sandwich/plugin/sandwich.vim
028.254  000.058  000.058: sourcing /home/brian/.local/share/nvim/site/pack/packer/opt/vim-sandwich/plugin/textobj/sandwich.vim
028.643  000.225  000.225: require('config.vim-sandwich')
028.859  000.075  000.075: require('config.telescope')
028.965  000.029  000.029: require('telescope._extensions')
028.969  000.107  000.078: require('telescope')
029.263  000.052  000.052: require('plenary.bit')
029.374  000.108  000.108: require('plenary.functional')
029.403  000.017  000.017: require('ffi')
029.413  000.304  000.126: require('plenary.path')
029.417  000.380  000.076: require('plenary.strings')
029.494  000.076  000.076: require('telescope.deprecated')
029.773  000.130  000.130: require('plenary.log')
029.816  000.254  000.124: require('telescope.log')
029.980  000.088  000.088: require('plenary.job')
030.048  000.067  000.067: require('telescope.state')
030.054  000.236  000.081: require('telescope.utils')
030.059  000.562  000.073: require('telescope.sorters')
030.177  000.087  000.087: require('vim.inspect')
030.360  000.068  000.068: require('vim.F')
031.681  002.710  001.536: require('telescope.config')
032.712  000.093  000.093: require('fzf_lib')
032.717  000.178  000.085: require('telescope._extensions.fzf')
032.897  000.037  000.037: require('telescope.actions.state')
032.901  000.082  000.044: require('telescope._extensions.file_browser.utils')
033.352  000.048  000.048: require('plenary.window.border')
033.419  000.064  000.064: require('plenary.window')
033.444  000.022  000.022: require('plenary.popup.utils')
033.446  000.178  000.044: require('plenary.popup')
033.472  000.025  000.025: require('telescope.pickers.scroller')
033.499  000.026  000.026: require('telescope.actions.utils')
033.554  000.025  000.025: require('telescope.actions.mt')
033.564  000.063  000.038: require('telescope.actions.set')
033.632  000.029  000.029: require('telescope.config.resolve')
033.634  000.069  000.041: require('telescope.pickers.entry_display')
033.655  000.019  000.019: require('telescope.from_entry')
033.813  000.910  000.530: require('telescope.actions')
033.838  001.082  000.090: require('telescope._extensions.file_browser.actions')
033.923  000.043  000.043: require('telescope._extensions.file_browser.make_entry')
034.085  000.031  000.031: require('plenary.tbl')
034.102  000.070  000.038: require('plenary.vararg.rotate')
034.103  000.091  000.021: require('plenary.vararg')
034.124  000.019  000.019: require('plenary.errors')
034.126  000.155  000.045: require('plenary.async.async')
034.214  000.021  000.021: require('plenary.async.structs')
034.218  000.048  000.027: require('plenary.async.control')
034.223  000.076  000.028: require('plenary.async.util')
034.224  000.096  000.021: require('plenary.async.tests')
034.225  000.277  000.025: require('plenary.async')
034.283  000.028  000.028: require('plenary.class')
034.292  000.066  000.037: require('telescope._')
034.386  000.093  000.093: require('telescope.make_entry')
034.389  000.464  000.029: require('telescope.finders.async_oneshot_finder')
034.539  000.073  000.073: require('telescope.finders.async_static_finder')
034.567  000.026  000.026: require('telescope.finders.async_job_finder')
034.572  000.182  000.083: require('telescope.finders')
034.618  000.046  000.046: require('plenary.scandir')
034.636  000.796  000.062: require('telescope._extensions.file_browser.finders')
034.774  000.028  000.028: require('telescope.debounce')
034.840  000.065  000.065: require('telescope.mappings')
034.877  000.035  000.035: require('telescope.pickers.highlights')
034.904  000.025  000.025: require('telescope.pickers.window')
035.016  000.040  000.040: require('telescope.algos.linked_list')
035.021  000.115  000.075: require('telescope.entry_manager')
035.048  000.026  000.026: require('telescope.pickers.multi')
035.062  000.381  000.086: require('telescope.pickers')
035.064  000.409  000.029: require('telescope._extensions.file_browser.picker')
035.105  000.039  000.039: require('telescope._extensions.file_browser.config')
035.107  002.385  000.057: require('telescope._extensions.file_browser')
035.708  000.096  000.096: require('telescope.builtin.__lsp')
035.722  000.331  000.236: require('telescope.builtin')
035.832  000.053  000.053: require('project_nvim.config')
035.835  000.080  000.027: require('project_nvim.utils.path')
035.842  000.119  000.039: require('project_nvim.utils.history')
035.943  000.052  000.052: require('project_nvim.utils.globtopattern')
035.947  000.103  000.051: require('project_nvim.project')
035.951  000.662  000.108: require('telescope._extensions.projects')
036.142  000.049  000.049: require('telescope.previewers.previewer')
036.237  000.094  000.094: require('telescope.previewers.term_previewer')
036.516  000.029  000.029: require('plenary.context_manager')
036.676  000.059  000.059: require('nvim-treesitter.utils')
037.256  000.118  000.118: require('vim.treesitter.language')
037.272  000.277  000.160: require('vim.treesitter.query')
037.454  000.180  000.180: require('vim.treesitter.languagetree')
037.528  000.701  000.243: require('vim.treesitter')
038.581  001.903  001.203: require('nvim-treesitter.parsers')
039.253  000.149  000.149: require('nvim-treesitter.ts_utils')
039.258  000.311  000.162: require('nvim-treesitter.tsrange')
039.286  000.026  000.026: require('nvim-treesitter.caching')
039.294  000.530  000.192: require('nvim-treesitter.query')
039.305  000.640  000.111: require('nvim-treesitter.configs')
039.319  000.734  000.093: require('nvim-treesitter.info')
039.369  000.047  000.047: require('nvim-treesitter.shell_command_selectors')
039.389  002.827  000.084: require('nvim-treesitter.install')
039.418  000.027  000.027: require('nvim-treesitter.statusline')
039.445  000.026  000.026: require('nvim-treesitter.query_predicates')
039.448  002.929  000.048: require('nvim-treesitter')
039.451  003.077  000.118: require('telescope.previewers.utils')
041.058  001.606  001.606: require('plenary.filetype')
041.102  004.863  000.181: require('telescope.previewers.buffer_previewer')
041.106  005.057  000.052: require('telescope.previewers')
041.240  000.033  000.033: require('neoclip.settings')
041.243  000.067  000.034: require('neoclip')
041.322  000.035  000.035: require('neoclip.linked_list')
041.325  000.058  000.024: require('neoclip.sorted_set')
041.331  000.087  000.029: require('neoclip.storage')
041.333  000.226  000.072: require('neoclip.handlers')
041.376  000.041  000.041: require('neoclip.utils')
041.397  000.020  000.020: require('neoclip.picker_utils')
041.402  005.424  000.080: require('neoclip.telescope')
041.454  005.500  000.076: require('telescope._extensions.neoclip')
041.839  000.050  000.050: require('config.gitsigns')
041.903  000.024  000.024: require('gitsigns.async')
041.926  000.021  000.021: require('gitsigns.status')
041.994  000.027  000.027: require('gitsigns.debug')
042.021  000.026  000.026: require('gitsigns.util')
042.151  000.107  000.107: require('gitsigns.uv')
042.155  000.132  000.025: require('gitsigns.subprocess')
042.270  000.021  000.021: require('gitsigns.message')
042.280  000.070  000.050: require('gitsigns.config')
042.301  000.019  000.019: require('gitsigns.signs.base')
042.303  000.114  000.024: require('gitsigns.signs')
042.308  000.152  000.037: require('gitsigns.hunks')
042.326  000.398  000.062: require('gitsigns.git')
042.403  000.035  000.035: require('gitsigns.cache')
042.444  000.022  000.022: require('gitsigns.debounce')
042.466  000.020  000.020: require('gitsigns.diff')
042.472  000.145  000.068: require('gitsigns.manager')
042.507  000.033  000.033: require('gitsigns.highlight')
042.512  000.671  000.050: require('gitsigns')
042.852  000.033  000.033: require('gitsigns.signs.vimfn')
044.355  000.100  000.100: require('config.lsp-saga')
044.465  000.105  000.105: require('lspsaga')
044.632  000.056  000.056: require('lspsaga.window')
044.645  000.124  000.068: require('lspsaga.libs')
045.280  000.236  000.236: require('vim.lsp.log')
045.930  000.647  000.647: require('vim.lsp.protocol')
046.258  000.151  000.151: require('vim.lsp._snippet')
046.380  000.119  000.119: require('vim.highlight')
046.398  000.463  000.194: require('vim.lsp.util')
046.415  001.519  000.173: require('vim.lsp.handlers')
046.556  000.139  000.139: require('vim.lsp.rpc')
046.655  000.097  000.097: require('vim.lsp.sync')
046.793  000.134  000.134: require('vim.lsp.buf')
046.904  000.109  000.109: require('vim.lsp.diagnostic')
047.011  000.105  000.105: require('vim.lsp.codelens')
047.096  002.380  000.276: require('vim.lsp')
047.144  000.043  000.043: require('lspsaga.wrap')
047.149  002.501  000.079: require('lspsaga.codeaction')
047.173  002.704  000.079: require('lspsaga.lightbulb')
047.261  000.055  000.055: require('lspsaga.lspkind')
047.482  000.085  000.085: require('config.feline')
047.570  000.033  000.033: require('feline.utils')
047.616  000.043  000.043: require('feline.defaults')
047.622  000.137  000.061: require('feline')
047.736  000.103  000.103: require('feline.providers')
047.807  000.032  000.032: require('feline.themes.default')
047.810  000.070  000.039: require('feline.themes')
047.937  000.109  000.109: require('feline.generator')
048.014  000.055  000.055: require('config.treesitter')
049.626  000.055  000.055: require('config.neoclip')
049.878  000.059  000.059: require('colorizer/nvim')
050.035  000.153  000.153: require('colorizer/trie')
050.255  000.515  000.303: require('colorizer')
052.849  000.101  000.101: require('config.comment')
052.905  000.049  000.049: require('Comment')
052.943  000.036  000.036: require('Comment.config')
053.195  000.072  000.072: require('Comment.ft')
053.202  000.131  000.059: require('Comment.utils')
053.241  000.037  000.037: require('Comment.opfunc')
053.275  000.032  000.032: require('Comment.extra')
053.280  000.260  000.059: require('Comment.api')
053.603  000.036  000.036: require('nvim-autopairs._log')
053.658  000.052  000.052: require('nvim-autopairs.utils')
053.786  000.046  000.046: require('nvim-autopairs.conds')
053.792  000.090  000.044: require('nvim-autopairs.rule')
053.795  000.135  000.045: require('nvim-autopairs.rules.basic')
053.804  000.333  000.110: require('nvim-autopairs')
054.526  027.260  009.484: sourcing /home/brian/.config/nvim/plugin/packer_compiled.lua
055.130  000.051  000.051: sourcing /home/linuxbrew/.linuxbrew/Cellar/neovim/0.8.1/share/nvim/runtime/plugin/man.lua
055.142  001.907: loading rtp plugins
055.870  000.148  000.148: sourcing /home/brian/.local/share/nvim/site/pack/packer/start/Comment.nvim/plugin/Comment.lua
056.177  000.037  000.037: require('luasnip.util.types')
056.227  000.047  000.047: require('luasnip.util.ext_opts')
056.259  000.031  000.031: require('luasnip.extras.filetype_functions')
056.296  000.036  000.036: require('luasnip.session')
056.484  000.083  000.083: require('luasnip.util.util')
056.524  000.038  000.038: require('luasnip.nodes.util')
056.554  000.028  000.028: require('luasnip.util.events')
056.560  000.203  000.054: require('luasnip.nodes.node')
056.628  000.027  000.027: require('luasnip.util.extend_decorator')
056.633  000.335  000.105: require('luasnip.nodes.insertNode')
056.721  000.033  000.033: require('luasnip.util.mark')
056.818  000.038  000.038: require('luasnip.nodes.textNode')
057.063  000.184  000.184: require('luasnip.util._builtin_vars')
057.246  000.425  000.240: require('luasnip.util.environ')
057.304  000.055  000.055: require('luasnip.util.pattern_tokenizer')
057.364  000.032  000.032: require('luasnip.util.dict')
057.403  000.037  000.037: require('luasnip.session.snippet_collection')
057.427  000.704  000.118: require('luasnip.nodes.snippet')
057.435  000.801  000.063: require('luasnip.nodes.choiceNode')
057.493  000.044  000.044: require('luasnip.nodes.functionNode')
057.542  000.047  000.047: require('luasnip.nodes.dynamicNode')
057.585  000.041  000.041: require('luasnip.nodes.restoreNode')
057.613  000.026  000.026: require('luasnip.nodes.absolute_indexer')
057.653  000.038  000.038: require('luasnip.extras')
057.711  000.026  000.026: require('luasnip.util.str')
057.715  000.059  000.033: require('luasnip.extras.fmt')
057.787  000.025  000.025: require('luasnip.extras.conditions')
057.813  000.025  000.025: require('luasnip.extras.conditions.show')
057.896  000.156  000.105: require('luasnip.extras.conditions.expand')
057.899  000.183  000.028: require('luasnip.extras.expand_conditions')
057.953  000.052  000.052: require('luasnip.extras.postfix')
058.060  000.031  000.031: require('luasnip.util.parser.neovim_ast')
058.467  000.045  000.045: require('luasnip.util.directed_graph')
058.472  000.483  000.407: require('luasnip.util.parser.ast_utils')
058.543  000.026  000.026: require('luasnip.util.functions')
058.547  000.073  000.048: require('luasnip.util.parser.ast_parser')
058.616  000.068  000.068: require('luasnip.util.parser.neovim_parser')
058.620  000.666  000.042: require('luasnip.util.parser')
058.900  002.867  000.425: require('luasnip.config')
058.981  003.061  000.194: sourcing /home/brian/.local/share/nvim/site/pack/packer/start/LuaSnip/plugin/luasnip.vim
060.614  001.494  001.494: sourcing /home/brian/.local/share/nvim/site/pack/packer/start/emmet-vim/plugin/emmet.vim
060.735  000.015  000.015: sourcing /home/brian/.local/share/nvim/site/pack/packer/start/lsp-zero.nvim/plugin/lsp-zero.vim
061.336  000.535  000.535: sourcing /home/brian/.local/share/nvim/site/pack/packer/start/lspsaga.nvim/plugin/lspsaga.lua
061.497  000.041  000.041: require('cmp.utils.api')
061.557  000.026  000.026: require('cmp.types.cmp')
061.617  000.028  000.028: require('cmp.utils.misc')
061.628  000.069  000.041: require('cmp.types.lsp')
061.669  000.040  000.040: require('cmp.types.vim')
061.670  000.171  000.036: require('cmp.types')
061.712  000.040  000.040: require('cmp.utils.highlight')
061.881  000.101  000.101: require('cmp.utils.debug')
061.890  000.177  000.076: require('cmp.utils.autocmd')
062.211  000.782  000.353: sourcing /home/brian/.local/share/nvim/site/pack/packer/start/nvim-cmp/plugin/cmp.lua
062.287  000.023  000.023: sourcing /home/brian/.local/share/nvim/site/pack/packer/start/nvim-colorizer.lua/plugin/colorizer.vim
062.409  000.054  000.054: sourcing /home/brian/.local/share/nvim/site/pack/packer/start/nvim-lspconfig/plugin/lspconfig.lua
062.713  000.241  000.241: sourcing /home/brian/.local/share/nvim/site/pack/packer/start/nvim-treesitter/plugin/nvim-treesitter.lua
062.794  000.031  000.031: sourcing /home/brian/.local/share/nvim/site/pack/packer/start/nvim-web-devicons/plugin/nvim-web-devicons.vim
062.960  000.035  000.035: require('nvim-treesitter-playground')
063.082  000.178  000.143: sourcing /home/brian/.local/share/nvim/site/pack/packer/start/playground/plugin/nvim-treesitter-playground.lua
063.150  000.023  000.023: sourcing /home/brian/.local/share/nvim/site/pack/packer/start/plenary.nvim/plugin/plenary.vim
063.477  000.233  000.233: sourcing /home/brian/.local/share/nvim/site/pack/packer/start/telescope.nvim/plugin/telescope.lua
063.621  000.093  000.093: sourcing /home/brian/.local/share/nvim/site/pack/packer/start/undotree/plugin/undotree.vim
063.803  000.039  000.039: sourcing /home/brian/.local/share/nvim/site/pack/packer/start/vim-caser/autoload/caser.vim
064.127  000.454  000.415: sourcing /home/brian/.local/share/nvim/site/pack/packer/start/vim-caser/plugin/caser.vim
064.288  000.089  000.089: sourcing /home/brian/.local/share/nvim/site/pack/packer/start/vim-easy-align/plugin/easy_align.vim
065.125  000.745  000.745: sourcing /home/brian/.local/share/nvim/site/pack/packer/start/vim-fugitive/plugin/fugitive.vim
065.228  000.017  000.017: sourcing /home/brian/.local/share/nvim/site/pack/packer/start/vim-rzip/plugin/zipPlugin.vim
066.046  000.767  000.767: sourcing /home/brian/.local/share/nvim/site/pack/packer/start/vim-sneak/plugin/sneak.vim
066.509  000.130  000.130: sourcing /home/brian/.local/share/nvim/site/pack/packer/start/vim-visual-multi/autoload/vm/plugs.vim
066.995  000.190  000.190: sourcing /home/brian/.local/share/nvim/site/pack/packer/start/vim-visual-multi/autoload/vm/maps.vim
067.335  000.118  000.118: sourcing /home/brian/.local/share/nvim/site/pack/packer/start/vim-visual-multi/autoload/vm/maps/all.vim
068.362  002.226  001.788: sourcing /home/brian/.local/share/nvim/site/pack/packer/start/vim-visual-multi/plugin/visual-multi.vim
068.501  002.150: loading packages
068.796  000.124  000.124: sourcing /home/brian/.local/share/nvim/site/pack/packer/start/vim-rzip/after/plugin/../../plugin/zipPlugin.vim
068.964  000.340  000.215: sourcing /home/brian/.local/share/nvim/site/pack/packer/start/vim-rzip/after/plugin/rzipPlugin.vim
071.253  000.061  000.061: require('cmp.utils.char')
071.264  001.983  001.921: require('cmp.utils.str')
071.314  000.049  000.049: require('cmp.utils.pattern')
071.401  000.022  000.022: require('cmp.utils.buffer')
071.406  000.061  000.039: require('cmp.utils.keymap')
071.409  000.093  000.032: require('cmp.utils.feedkeys')
071.457  000.047  000.047: require('cmp.utils.async')
071.505  000.022  000.022: require('cmp.utils.cache')
071.507  000.049  000.027: require('cmp.context')
071.601  000.029  000.029: require('cmp.config.mapping')
071.659  000.030  000.030: require('cmp.config.compare')
071.661  000.058  000.028: require('cmp.config.default')
071.672  000.132  000.045: require('cmp.config')
071.845  000.075  000.075: require('cmp.matcher')
071.852  000.179  000.104: require('cmp.entry')
071.858  000.349  000.038: require('cmp.source')
071.910  000.022  000.022: require('cmp.utils.event')
071.977  000.035  000.035: require('cmp.utils.window')
071.979  000.068  000.032: require('cmp.view.docs_view')
072.022  000.042  000.042: require('cmp.view.custom_entries_view')
072.071  000.047  000.047: require('cmp.view.wildmenu_entries_view')
072.102  000.030  000.030: require('cmp.view.native_entries_view')
072.130  000.027  000.027: require('cmp.view.ghost_text_view')
072.137  000.278  000.042: require('cmp.view')
072.220  003.022  000.174: require('cmp.core')
072.358  000.035  000.035: require('cmp.config.sources')
072.398  000.037  000.037: require('cmp.config.window')
072.429  003.330  000.235: require('cmp')
072.528  000.020  000.020: require('cmp_buffer.timer')
072.531  000.050  000.029: require('cmp_buffer.buffer')
072.533  000.080  000.030: require('cmp_buffer.source')
072.535  000.104  000.024: require('cmp_buffer')
072.546  003.508  000.075: sourcing /home/brian/.local/share/nvim/site/pack/packer/start/cmp-buffer/after/plugin/cmp_buffer.lua
072.715  000.030  000.030: require('cmp_nvim_lsp.source')
072.717  000.072  000.042: require('cmp_nvim_lsp')
072.739  000.128  000.056: sourcing /home/brian/.local/share/nvim/site/pack/packer/start/cmp-nvim-lsp/after/plugin/cmp_nvim_lsp.lua
072.829  000.027  000.027: require('cmp_nvim_lua')
072.845  000.063  000.037: sourcing /home/brian/.local/share/nvim/site/pack/packer/start/cmp-nvim-lua/after/plugin/cmp_nvim_lua.lua
072.936  000.042  000.042: require('cmp_path')
072.951  000.070  000.027: sourcing /home/brian/.local/share/nvim/site/pack/packer/start/cmp-path/after/plugin/cmp_path.lua
073.040  000.038  000.038: require('cmp_luasnip')
073.063  000.073  000.035: sourcing /home/brian/.local/share/nvim/site/pack/packer/start/cmp_luasnip/after/plugin/cmp_luasnip.lua
073.232  000.053  000.053: require('config.colors')
078.000  004.695  004.695: sourcing /home/brian/.local/share/nvim/site/pack/packer/start/papercolor-theme/colors/PaperColor.vim
078.331  005.173  000.425: sourcing /home/brian/.config/nvim/after/plugin/colors.lua
078.617  000.032  000.032: require('lsp-zero.presets')
078.704  000.027  000.027: require('lsp-zero.settings')
078.707  000.071  000.044: require('lsp-zero.server')
078.715  000.192  000.088: require('lsp-zero')
078.904  000.024  000.024: require('nvim-autopairs.completion.handlers')
078.909  000.060  000.036: require('nvim-autopairs.completion.cmp')
079.019  000.025  000.025: require('luasnip.loaders._caches')
079.060  000.040  000.040: require('luasnip.util.path')
079.075  000.111  000.046: require('luasnip.loaders')
079.134  000.056  000.056: require('luasnip.util.log')
079.147  000.237  000.069: require('luasnip')
079.243  000.076  000.076: require('lsp-zero.nvim-cmp-setup')
079.837  000.032  000.032: require('luasnip.loaders.util')
079.872  000.033  000.033: require('luasnip.nodes.snippetProxy')
079.879  000.123  000.059: require('luasnip.loaders.from_vscode')
085.361  006.029  005.906: require('lsp-zero.snippets')
086.017  000.031  000.031: require('lsp-zero.utils')
086.022  000.119  000.088: require('lsp-zero.state')
086.067  000.043  000.043: require('lsp-zero.installer')
086.170  000.032  000.032: require('mason-core.path')
086.188  000.092  000.060: require('mason.settings')
086.384  000.112  000.112: require('mason-core.functional')
086.458  000.023  000.023: require('mason-core.functional.data')
086.485  000.085  000.062: require('mason-core.functional.function')
086.536  000.035  000.035: require('mason-core.functional.relation')
086.592  000.050  000.050: require('mason-core.functional.logic')
086.629  000.438  000.156: require('mason-core.platform')
086.631  000.562  000.032: require('mason')
086.772  000.083  000.083: require('mason-core.log')
086.775  000.142  000.059: require('mason-lspconfig')
087.468  000.049  000.049: require('mason-core.functional.list')
087.488  000.158  000.108: require('mason.api.command')
087.529  000.028  000.028: require('mason-lspconfig.settings')
087.588  000.024  000.024: require('mason-core.notify')
087.594  000.063  000.039: require('mason-lspconfig.lspconfig_hook')
087.841  000.246  000.246: require('lspconfig.util')
088.016  000.051  000.051: require('mason-core.functional.table')
088.075  000.221  000.170: require('mason-lspconfig.mappings.server')
088.222  000.062  000.062: require('mason-core.async')
088.259  000.033  000.033: require('mason-core.async.uv')
088.264  000.143  000.047: require('mason-core.fs')
088.296  000.031  000.031: require('mason-core.optional')
088.330  000.032  000.032: require('mason-core.EventEmitter')
088.455  000.124  000.124: require('mason-registry.index')
088.491  000.413  000.084: require('mason-registry')
088.563  000.069  000.069: require('mason-lspconfig.server_config_extensions')
088.621  000.056  000.056: require('lspconfig.configs')
088.670  000.047  000.047: require('lspconfig.server_configurations.omnisharp')
088.862  000.033  000.033: require('mason-core.functional.number')
088.886  000.110  000.078: require('mason-lspconfig.api.command')
089.382  000.323  000.323: require('vim.diagnostic')
089.606  000.051  000.051: require('lspconfig')
089.659  000.050  000.050: require('lspconfig.server_configurations.pyright')
090.449  000.052  000.052: require('lspconfig.server_configurations.bashls')
091.029  000.048  000.048: require('lspconfig.server_configurations.tsserver')
091.471  000.048  000.048: require('lspconfig.server_configurations.rust_analyzer')
091.854  000.050  000.050: require('lspconfig.server_configurations.sumneko_lua')
092.494  000.141  000.141: require('lspconfig.server_configurations.eslint')
093.088  000.054  000.054: require('lspconfig.server_configurations.gopls')
093.459  000.066  000.066: require('lspconfig.server_configurations.clangd')
093.917  000.082  000.082: require('mason-lspconfig.ensure_installed')
094.496  000.119  000.119: require('mason-core.result')
094.896  000.168  000.168: require('mason-core.process')
094.940  000.321  000.153: require('mason-core.spawn')
095.037  000.096  000.096: require('mason-core.receipt')
095.136  000.072  000.072: require('mason-core.functional.string')
095.152  000.653  000.164: require('mason-core.installer.context')
095.283  000.085  000.085: require('mason-core.installer.linker')
095.337  000.052  000.052: require('mason-core.async.control')
095.342  001.065  000.157: require('mason-core.installer')
095.415  000.072  000.072: require('mason-core.installer.handle')
161.548  065.936  065.936: require('mason-core.managers.powershell')
161.560  065.992  000.055: require('mason-core.fetch')
161.565  066.038  000.046: require('mason-core.managers.cargo.client')
161.803  000.094  000.094: require('mason-core.managers.std')
161.901  000.041  000.041: require('mason-core.providers')
161.915  000.110  000.068: require('mason-core.managers.github.client')
161.921  000.354  000.151: require('mason-core.managers.github')
161.941  066.480  000.088: require('mason-core.managers.cargo')
162.011  000.069  000.069: require('mason-core.managers.composer')
162.092  000.080  000.080: require('mason-core.managers.gem')
162.151  000.057  000.057: require('mason-core.managers.git')
162.234  000.081  000.081: require('mason-core.managers.go')
162.314  000.076  000.076: require('mason-core.managers.luarocks')
162.372  000.056  000.056: require('mason-core.managers.npm')
162.440  000.067  000.067: require('mason-core.managers.pip3')
162.448  067.031  000.065: require('mason-core.package.version-check')
162.458  068.461  000.294: require('mason-core.package')
162.542  000.075  000.075: require('mason-registry.typescript-language-server')
162.614  000.059  000.059: require('mason-registry.eslint-lsp')
162.734  000.111  000.111: require('mason-registry.lua-language-server')
162.816  000.070  000.070: require('mason-registry.rust-analyzer')
162.894  000.071  000.071: require('mason-registry.gopls')
162.960  000.053  000.053: require('mason-registry.clangd')
163.020  000.053  000.053: require('mason-registry.pyright')
163.064  000.038  000.038: require('mason-registry.bash-language-server')
163.071  084.710  005.883: sourcing /home/brian/.config/nvim/after/plugin/lsp.lua
163.170  000.028  000.028: require('project_nvim')
163.864  000.755  000.727: sourcing /home/brian/.config/nvim/after/plugin/misc.lua
163.871  000.550: loading after plugins
163.885  000.014: inits 3
165.876  001.991: reading ShaDa
166.101  000.073  000.073: require('luasnip.loaders.from_lua')
166.283  000.103  000.103: require('luasnip.loaders.from_snipmate')
166.358  000.305: opening buffers
166.489  000.131: BufEnter autocommands
166.492  000.003: editing files in windows
415.715  237.711  237.711: sourcing /home/linuxbrew/.linuxbrew/Cellar/neovim/0.8.1/share/nvim/runtime/autoload/netrw.vim
416.017  000.053  000.053: sourcing /home/brian/.local/share/nvim/.netrwhist
421.853  004.606  004.606: require('vim.filetype')
422.904  000.246  000.246: require('vim.filetype.detect')
423.211  000.022  000.022: sourcing /home/linuxbrew/.linuxbrew/Cellar/neovim/0.8.1/share/nvim/runtime/scripts.vim
426.439  000.233  000.233: sourcing /home/linuxbrew/.linuxbrew/Cellar/neovim/0.8.1/share/nvim/runtime/syntax/netrw.vim
427.366  000.085  000.085: require('nvim-treesitter.highlight')
430.010  000.199  000.199: sourcing /home/linuxbrew/.linuxbrew/Cellar/neovim/0.8.1/share/nvim/runtime/syntax/netrw.vim
436.490  026.843: VimEnter autocommands
436.495  000.005: UIEnter autocommands
436.496  000.001: before starting main loop
437.652  000.086  000.086: require('feline.providers.file')
437.810  000.046  000.046: require('feline.providers.cursor')
438.263  001.634: first screen update
438.265  000.003: --- NVIM STARTED ---


times in msec
 clock   self+sourced   self:  sourced script
 clock   elapsed:              other lines

000.006  000.006: --- NVIM STARTING ---
000.068  000.062: event init
000.169  000.101: early init
000.199  000.030: locale set
000.219  000.020: init first window
000.391  000.172: inits 1
000.399  000.008: window checked
000.429  000.030: parsing arguments
000.734  000.048  000.048: require('vim.shared')
000.802  000.025  000.025: require('vim._meta')
000.803  000.067  000.041: require('vim._editor')
000.804  000.137  000.022: require('vim._init_packages')
000.806  000.240: init lua interpreter
000.833  000.027: expanding arguments
000.857  000.024: inits 2
001.018  000.162: init highlight
001.020  000.001: waiting for UI
001.854  000.835: done waiting for UI
001.868  000.014: init screen for UI
002.031  000.164: init default mappings
002.045  000.014: init default autocommands
003.035  000.073  000.073: sourcing /home/linuxbrew/.linuxbrew/Cellar/neovim/0.8.1/share/nvim/runtime/ftplugin.vim
003.207  000.027  000.027: sourcing /home/linuxbrew/.linuxbrew/Cellar/neovim/0.8.1/share/nvim/runtime/indent.vim
010.513  007.212  007.212: require('impatient')
010.938  000.031  000.031: sourcing /home/brian/.local/share/nvim/site/pack/packer/start/LuaSnip/ftdetect/snippets.vim
011.050  000.005  000.005: sourcing /home/brian/.local/share/nvim/site/pack/packer/start/vim-fugitive/ftdetect/fugitive.vim
011.252  000.419  000.383: sourcing /home/linuxbrew/.linuxbrew/Cellar/neovim/0.8.1/share/nvim/runtime/filetype.lua
011.278  000.012  000.012: sourcing /home/linuxbrew/.linuxbrew/Cellar/neovim/0.8.1/share/nvim/runtime/filetype.vim
011.440  000.009  000.009: sourcing /home/linuxbrew/.linuxbrew/Cellar/neovim/0.8.1/share/nvim/runtime/ftplugin.vim
011.530  000.005  000.005: sourcing /home/linuxbrew/.linuxbrew/Cellar/neovim/0.8.1/share/nvim/runtime/indent.vim
022.200  011.570  011.125: require('config.settings')
022.366  000.006  000.006: require('vim.keymap')
022.861  000.651  000.645: require('config.keymaps')
022.979  000.115  000.115: require('config.autocmd')
023.397  000.039  000.039: require('packer.util')
023.534  000.347  000.308: require('packer')
024.079  000.334  000.334: require('packer.log')
024.246  000.081  000.081: require('packer.async')
024.385  000.062  000.062: require('packer.result')
024.389  000.140  000.078: require('packer.jobs')
024.394  000.295  000.074: require('packer.plugin_utils')
024.544  000.138  000.138: require('packer.snapshot')
024.801  001.819  000.705: require('config.packer')
024.806  014.287  000.132: require('config')
024.811  021.540  000.042: sourcing /home/brian/.config/nvim/init.lua
024.837  001.151: sourcing vimrc file(s)
025.936  000.118  000.118: sourcing /home/linuxbrew/.linuxbrew/Cellar/neovim/0.8.1/share/nvim/runtime/syntax/synload.vim
026.077  001.190  001.073: sourcing /home/linuxbrew/.linuxbrew/Cellar/neovim/0.8.1/share/nvim/runtime/syntax/syntax.vim
027.058  000.159  000.159: sourcing /home/linuxbrew/.linuxbrew/Cellar/neovim/0.8.1/share/nvim/runtime/plugin/gzip.vim
027.086  000.009  000.009: sourcing /home/linuxbrew/.linuxbrew/Cellar/neovim/0.8.1/share/nvim/runtime/plugin/health.vim
027.622  000.194  000.194: sourcing /home/linuxbrew/.linuxbrew/Cellar/neovim/0.8.1/share/nvim/runtime/pack/dist/opt/matchit/plugin/matchit.vim
027.703  000.607  000.414: sourcing /home/linuxbrew/.linuxbrew/Cellar/neovim/0.8.1/share/nvim/runtime/plugin/matchit.vim
027.848  000.133  000.133: sourcing /home/linuxbrew/.linuxbrew/Cellar/neovim/0.8.1/share/nvim/runtime/plugin/matchparen.vim
028.149  000.289  000.289: sourcing /home/linuxbrew/.linuxbrew/Cellar/neovim/0.8.1/share/nvim/runtime/plugin/netrwPlugin.vim
028.339  000.008  000.008: sourcing /home/brian/.local/share/nvim/rplugin.vim
028.346  000.150  000.142: sourcing /home/linuxbrew/.linuxbrew/Cellar/neovim/0.8.1/share/nvim/runtime/plugin/rplugin.vim
028.406  000.049  000.049: sourcing /home/linuxbrew/.linuxbrew/Cellar/neovim/0.8.1/share/nvim/runtime/plugin/shada.vim
028.443  000.020  000.020: sourcing /home/linuxbrew/.linuxbrew/Cellar/neovim/0.8.1/share/nvim/runtime/plugin/spellfile.vim
028.746  000.095  000.095: sourcing /home/linuxbrew/.linuxbrew/Cellar/neovim/0.8.1/share/nvim/runtime/plugin/tarPlugin.vim
028.823  000.056  000.056: sourcing /home/linuxbrew/.linuxbrew/Cellar/neovim/0.8.1/share/nvim/runtime/plugin/tohtml.vim
028.849  000.012  000.012: sourcing /home/linuxbrew/.linuxbrew/Cellar/neovim/0.8.1/share/nvim/runtime/plugin/tutor.vim
028.968  000.107  000.107: sourcing /home/linuxbrew/.linuxbrew/Cellar/neovim/0.8.1/share/nvim/runtime/plugin/zipPlugin.vim
029.626  000.137  000.137: sourcing /home/brian/.local/share/nvim/site/pack/packer/opt/vim-sandwich/plugin/operator/sandwich.vim
029.728  000.087  000.087: sourcing /home/brian/.local/share/nvim/site/pack/packer/opt/vim-sandwich/plugin/sandwich.vim
029.800  000.057  000.057: sourcing /home/brian/.local/share/nvim/site/pack/packer/opt/vim-sandwich/plugin/textobj/sandwich.vim
030.165  000.216  000.216: require('config.treesitter')
030.633  000.074  000.074: require('vim.treesitter.language')
030.641  000.275  000.201: require('vim.treesitter.query')
031.096  000.106  000.106: require('vim.treesitter.languagetree')
031.125  000.262  000.156: require('vim.treesitter')
031.312  000.573  000.310: require('nvim-treesitter.parsers')
031.386  000.071  000.071: require('nvim-treesitter.utils')
031.392  000.719  000.075: require('nvim-treesitter.ts_utils')
031.396  000.753  000.035: require('nvim-treesitter.tsrange')
031.455  000.058  000.058: require('nvim-treesitter.caching')
031.464  001.202  000.116: require('nvim-treesitter.query')
031.474  001.306  000.104: require('nvim-treesitter.configs')
031.634  000.033  000.033: require('nvim-treesitter.info')
031.673  000.037  000.037: require('nvim-treesitter.shell_command_selectors')
031.690  000.171  000.101: require('nvim-treesitter.install')
033.687  000.097  000.097: require('config.neoclip')
033.773  000.034  000.034: require('neoclip.settings')
033.777  000.086  000.052: require('neoclip')
034.093  000.087  000.087: require('config.vim-sandwich')
034.394  000.080  000.080: require('config.feline')
034.465  000.029  000.029: require('feline.utils')
034.500  000.033  000.033: require('feline.defaults')
034.506  000.109  000.047: require('feline')
034.545  000.032  000.032: require('feline.providers')
034.598  000.021  000.021: require('feline.themes.default')
034.600  000.054  000.032: require('feline.themes')
034.654  000.037  000.037: require('feline.generator')
034.744  000.038  000.038: require('colorizer/nvim')
034.785  000.014  000.014: require('ffi')
034.881  000.136  000.122: require('colorizer/trie')
034.999  000.333  000.159: require('colorizer')
036.104  000.058  000.058: require('config.telescope')
036.171  000.038  000.038: require('telescope._extensions')
036.174  000.067  000.030: require('telescope')
036.308  000.025  000.025: require('plenary.bit')
036.332  000.022  000.022: require('plenary.functional')
036.349  000.108  000.060: require('plenary.path')
036.353  000.135  000.027: require('plenary.strings')
036.374  000.019  000.019: require('telescope.deprecated')
036.544  000.123  000.123: require('plenary.log')
036.557  000.153  000.030: require('telescope.log')
036.643  000.042  000.042: require('plenary.job')
036.672  000.028  000.028: require('telescope.state')
036.678  000.119  000.049: require('telescope.utils')
036.682  000.307  000.035: require('telescope.sorters')
036.713  000.025  000.025: require('vim.inspect')
036.910  000.005  000.005: require('vim.F')
038.414  002.237  001.745: require('telescope.config')
039.305  000.100  000.100: require('fzf_lib')
039.311  000.166  000.066: require('telescope._extensions.fzf')
039.511  000.034  000.034: require('telescope.actions.state')
039.517  000.097  000.062: require('telescope._extensions.file_browser.utils')
039.757  000.081  000.081: require('plenary.window.border')
039.784  000.026  000.026: require('plenary.window')
039.812  000.027  000.027: require('plenary.popup.utils')
039.816  000.220  000.087: require('plenary.popup')
039.850  000.033  000.033: require('telescope.pickers.scroller')
039.895  000.044  000.044: require('telescope.actions.utils')
040.011  000.053  000.053: require('telescope.actions.mt')
040.027  000.109  000.057: require('telescope.actions.set')
040.096  000.036  000.036: require('telescope.config.resolve')
040.099  000.071  000.035: require('telescope.pickers.entry_display')
040.124  000.024  000.024: require('telescope.from_entry')
040.331  000.813  000.312: require('telescope.actions')
040.374  001.023  000.113: require('telescope._extensions.file_browser.actions')
040.484  000.061  000.061: require('telescope._extensions.file_browser.make_entry')
040.707  000.025  000.025: require('plenary.tbl')
040.711  000.057  000.032: require('plenary.vararg.rotate')
040.713  000.133  000.076: require('plenary.vararg')
040.738  000.024  000.024: require('plenary.errors')
040.742  000.195  000.038: require('plenary.async.async')
040.855  000.030  000.030: require('plenary.async.structs')
040.867  000.070  000.040: require('plenary.async.control')
040.873  000.103  000.033: require('plenary.async.util')
040.874  000.131  000.028: require('plenary.async.tests')
040.876  000.358  000.032: require('plenary.async')
040.938  000.026  000.026: require('plenary.class')
040.954  000.077  000.051: require('telescope._')
041.153  000.198  000.198: require('telescope.make_entry')
041.178  000.692  000.058: require('telescope.finders.async_oneshot_finder')
041.677  000.256  000.256: require('telescope.finders.async_static_finder')
041.763  000.084  000.084: require('telescope.finders.async_job_finder')
041.782  000.603  000.263: require('telescope.finders')
042.031  000.247  000.247: require('plenary.scandir')
042.065  001.690  000.086: require('telescope._extensions.file_browser.finders')
042.605  000.355  000.355: require('telescope.debounce')
043.007  000.399  000.399: require('telescope.mappings')
043.054  000.045  000.045: require('telescope.pickers.highlights')
043.080  000.024  000.024: require('telescope.pickers.window')
043.151  000.025  000.025: require('telescope.algos.linked_list')
043.201  000.119  000.095: require('telescope.entry_manager')
043.257  000.054  000.054: require('telescope.pickers.multi')
043.269  001.130  000.134: require('telescope.pickers')
043.271  001.204  000.074: require('telescope._extensions.file_browser.picker')
043.311  000.039  000.039: require('telescope._extensions.file_browser.config')
043.313  003.998  000.042: require('telescope._extensions.file_browser')
043.530  000.043  000.043: require('telescope.builtin.__lsp')
043.543  000.107  000.064: require('telescope.builtin')
043.619  000.030  000.030: require('project_nvim.config')
043.623  000.053  000.023: require('project_nvim.utils.path')
043.630  000.086  000.033: require('project_nvim.utils.history')
043.680  000.022  000.022: require('project_nvim.utils.globtopattern')
043.683  000.053  000.030: require('project_nvim.project')
043.686  000.286  000.042: require('telescope._extensions.projects')
043.799  000.024  000.024: require('telescope.previewers.previewer')
044.032  000.230  000.230: require('telescope.previewers.term_previewer')
044.176  000.022  000.022: require('plenary.context_manager')
044.244  000.027  000.027: require('nvim-treesitter.statusline')
044.282  000.035  000.035: require('nvim-treesitter.query_predicates')
044.285  000.107  000.045: require('nvim-treesitter')
044.289  000.166  000.037: require('telescope.previewers.utils')
045.072  000.782  000.782: require('plenary.filetype')
045.129  001.093  000.145: require('telescope.previewers.buffer_previewer')
045.133  001.385  000.037: require('telescope.previewers')
045.275  000.021  000.021: require('neoclip.linked_list')
045.279  000.049  000.028: require('neoclip.sorted_set')
045.284  000.088  000.039: require('neoclip.storage')
045.286  000.152  000.064: require('neoclip.handlers')
045.317  000.029  000.029: require('neoclip.utils')
045.340  000.021  000.021: require('neoclip.picker_utils')
045.346  001.638  000.050: require('neoclip.telescope')
045.369  001.681  000.043: require('telescope._extensions.neoclip')
045.821  000.061  000.061: require('config.lsp-saga')
045.951  000.084  000.084: require('lspsaga')
046.101  000.059  000.059: require('lspsaga.window')
046.112  000.113  000.053: require('lspsaga.libs')
046.676  000.191  000.191: require('vim.lsp.log')
047.385  000.681  000.681: require('vim.lsp.protocol')
047.621  000.097  000.097: require('vim.lsp._snippet')
047.690  000.065  000.065: require('vim.highlight')
047.701  000.312  000.150: require('vim.lsp.util')
047.708  001.321  000.137: require('vim.lsp.handlers')
047.800  000.090  000.090: require('vim.lsp.rpc')
047.863  000.061  000.061: require('vim.lsp.sync')
047.947  000.082  000.082: require('vim.lsp.buf')
048.027  000.078  000.078: require('vim.lsp.diagnostic')
048.124  000.096  000.096: require('vim.lsp.codelens')
048.217  002.046  000.317: require('vim.lsp')
048.345  000.095  000.095: require('lspsaga.wrap')
048.353  002.240  000.099: require('lspsaga.codeaction')
048.397  002.443  000.091: require('lspsaga.lightbulb')
048.535  000.070  000.070: require('lspsaga.lspkind')
048.721  000.043  000.043: require('config.vim-sneak')
048.824  000.024  000.024: require('nvim-autopairs._log')
048.859  000.033  000.033: require('nvim-autopairs.utils')
048.947  000.033  000.033: require('nvim-autopairs.conds')
048.950  000.062  000.029: require('nvim-autopairs.rule')
048.951  000.091  000.029: require('nvim-autopairs.rules.basic')
048.958  000.219  000.071: require('nvim-autopairs')
049.516  020.482  006.180: sourcing /home/brian/.config/nvim/plugin/packer_compiled.lua
049.685  000.036  000.036: sourcing /home/linuxbrew/.linuxbrew/Cellar/neovim/0.8.1/share/nvim/runtime/plugin/man.lua
049.696  001.466: loading rtp plugins
050.200  000.034  000.034: require('luasnip.util.types')
050.229  000.027  000.027: require('luasnip.util.ext_opts')
050.256  000.025  000.025: require('luasnip.extras.filetype_functions')
050.282  000.025  000.025: require('luasnip.session')
050.399  000.049  000.049: require('luasnip.util.util')
050.429  000.028  000.028: require('luasnip.nodes.util')
050.452  000.022  000.022: require('luasnip.util.events')
050.460  000.143  000.044: require('luasnip.nodes.node')
050.539  000.036  000.036: require('luasnip.util.extend_decorator')
050.544  000.260  000.081: require('luasnip.nodes.insertNode')
050.612  000.027  000.027: require('luasnip.util.mark')
050.694  000.033  000.033: require('luasnip.nodes.textNode')
051.054  000.333  000.333: require('luasnip.util._builtin_vars')
051.210  000.514  000.181: require('luasnip.util.environ')
051.255  000.041  000.041: require('luasnip.util.pattern_tokenizer')
051.283  000.026  000.026: require('luasnip.util.dict')
051.316  000.031  000.031: require('luasnip.session.snippet_collection')
051.338  000.725  000.079: require('luasnip.nodes.snippet')
051.345  000.800  000.049: require('luasnip.nodes.choiceNode')
051.432  000.079  000.079: require('luasnip.nodes.functionNode')
051.507  000.072  000.072: require('luasnip.nodes.dynamicNode')
051.571  000.062  000.062: require('luasnip.nodes.restoreNode')
051.600  000.026  000.026: require('luasnip.nodes.absolute_indexer')
051.632  000.031  000.031: require('luasnip.extras')
051.686  000.024  000.024: require('luasnip.util.str')
051.693  000.059  000.035: require('luasnip.extras.fmt')
051.760  000.021  000.021: require('luasnip.extras.conditions')
051.782  000.021  000.021: require('luasnip.extras.conditions.show')
051.840  000.121  000.079: require('luasnip.extras.conditions.expand')
051.842  000.148  000.027: require('luasnip.extras.expand_conditions')
051.876  000.033  000.033: require('luasnip.extras.postfix')
051.965  000.026  000.026: require('luasnip.util.parser.neovim_ast')
053.060  000.034  000.034: require('luasnip.util.directed_graph')
053.067  001.161  001.101: require('luasnip.util.parser.ast_utils')
053.125  000.026  000.026: require('luasnip.util.functions')
053.129  000.060  000.035: require('luasnip.util.parser.ast_parser')
053.196  000.066  000.066: require('luasnip.util.parser.neovim_parser')
053.201  001.323  000.035: require('luasnip.util.parser')
053.455  003.438  000.433: require('luasnip.config')
053.524  003.596  000.158: sourcing /home/brian/.local/share/nvim/site/pack/packer/start/LuaSnip/plugin/luasnip.vim
054.970  001.328  001.328: sourcing /home/brian/.local/share/nvim/site/pack/packer/start/emmet-vim/plugin/emmet.vim
055.089  000.014  000.014: sourcing /home/brian/.local/share/nvim/site/pack/packer/start/lsp-zero.nvim/plugin/lsp-zero.vim
055.811  000.625  000.625: sourcing /home/brian/.local/share/nvim/site/pack/packer/start/lspsaga.nvim/plugin/lspsaga.lua
055.979  000.041  000.041: require('cmp.utils.api')
056.033  000.027  000.027: require('cmp.types.cmp')
056.097  000.029  000.029: require('cmp.utils.misc')
056.109  000.073  000.044: require('cmp.types.lsp')
056.130  000.020  000.020: require('cmp.types.vim')
056.132  000.150  000.030: require('cmp.types')
056.172  000.040  000.040: require('cmp.utils.highlight')
056.271  000.023  000.023: require('cmp.utils.debug')
056.281  000.106  000.083: require('cmp.utils.autocmd')
056.554  000.645  000.309: sourcing /home/brian/.local/share/nvim/site/pack/packer/start/nvim-cmp/plugin/cmp.lua
056.632  000.023  000.023: sourcing /home/brian/.local/share/nvim/site/pack/packer/start/nvim-colorizer.lua/plugin/colorizer.vim
056.766  000.064  000.064: sourcing /home/brian/.local/share/nvim/site/pack/packer/start/nvim-lspconfig/plugin/lspconfig.lua
057.119  000.287  000.287: sourcing /home/brian/.local/share/nvim/site/pack/packer/start/nvim-treesitter/plugin/nvim-treesitter.lua
057.219  000.031  000.031: sourcing /home/brian/.local/share/nvim/site/pack/packer/start/nvim-web-devicons/plugin/nvim-web-devicons.vim
057.379  000.040  000.040: require('nvim-treesitter-playground')
057.447  000.129  000.090: sourcing /home/brian/.local/share/nvim/site/pack/packer/start/playground/plugin/nvim-treesitter-playground.lua
057.519  000.026  000.026: sourcing /home/brian/.local/share/nvim/site/pack/packer/start/plenary.nvim/plugin/plenary.vim
057.851  000.233  000.233: sourcing /home/brian/.local/share/nvim/site/pack/packer/start/telescope.nvim/plugin/telescope.lua
057.994  000.094  000.094: sourcing /home/brian/.local/share/nvim/site/pack/packer/start/undotree/plugin/undotree.vim
058.221  000.087  000.087: sourcing /home/brian/.local/share/nvim/site/pack/packer/start/vim-caser/autoload/caser.vim
058.510  000.462  000.375: sourcing /home/brian/.local/share/nvim/site/pack/packer/start/vim-caser/plugin/caser.vim
059.254  000.670  000.670: sourcing /home/brian/.local/share/nvim/site/pack/packer/start/vim-fugitive/plugin/fugitive.vim
059.338  000.014  000.014: sourcing /home/brian/.local/share/nvim/site/pack/packer/start/vim-rzip/plugin/zipPlugin.vim
059.966  000.576  000.576: sourcing /home/brian/.local/share/nvim/site/pack/packer/start/vim-sneak/plugin/sneak.vim
060.289  000.096  000.096: sourcing /home/brian/.local/share/nvim/site/pack/packer/start/vim-visual-multi/autoload/vm/plugs.vim
060.648  000.089  000.089: sourcing /home/brian/.local/share/nvim/site/pack/packer/start/vim-visual-multi/autoload/vm/maps.vim
060.819  000.060  000.060: sourcing /home/brian/.local/share/nvim/site/pack/packer/start/vim-visual-multi/autoload/vm/maps/all.vim
061.589  001.548  001.303: sourcing /home/brian/.local/share/nvim/site/pack/packer/start/vim-visual-multi/plugin/visual-multi.vim
061.713  001.652: loading packages
062.001  000.119  000.119: sourcing /home/brian/.local/share/nvim/site/pack/packer/start/vim-rzip/after/plugin/../../plugin/zipPlugin.vim
062.147  000.309  000.191: sourcing /home/brian/.local/share/nvim/site/pack/packer/start/vim-rzip/after/plugin/rzipPlugin.vim
062.513  000.051  000.051: require('cmp.utils.char')
062.520  000.093  000.042: require('cmp.utils.str')
062.578  000.056  000.056: require('cmp.utils.pattern')
062.714  000.061  000.061: require('cmp.utils.buffer')
062.719  000.108  000.047: require('cmp.utils.keymap')
062.722  000.142  000.034: require('cmp.utils.feedkeys')
062.769  000.046  000.046: require('cmp.utils.async')
062.820  000.022  000.022: require('cmp.utils.cache')
062.823  000.053  000.031: require('cmp.context')
062.925  000.030  000.030: require('cmp.config.mapping')
063.017  000.033  000.033: require('cmp.config.compare')
063.019  000.070  000.037: require('cmp.config.default')
063.027  000.162  000.061: require('cmp.config')
063.095  000.024  000.024: require('cmp.matcher')
063.099  000.071  000.047: require('cmp.entry')
063.104  000.279  000.046: require('cmp.source')
063.156  000.023  000.023: require('cmp.utils.event')
063.247  000.047  000.047: require('cmp.utils.window')
063.250  000.092  000.045: require('cmp.view.docs_view')
063.313  000.062  000.062: require('cmp.view.custom_entries_view')
063.357  000.042  000.042: require('cmp.view.wildmenu_entries_view')
063.391  000.032  000.032: require('cmp.view.native_entries_view')
063.437  000.045  000.045: require('cmp.view.ghost_text_view')
063.444  000.339  000.042: require('cmp.view')
063.577  001.223  000.215: require('cmp.core')
063.748  000.035  000.035: require('cmp.config.sources')
063.778  000.027  000.027: require('cmp.config.window')
063.811  001.536  000.251: require('cmp')
063.998  000.024  000.024: require('cmp_buffer.timer')
064.002  000.061  000.036: require('cmp_buffer.buffer')
064.003  000.112  000.051: require('cmp_buffer.source')
064.006  000.194  000.081: require('cmp_buffer')
064.037  001.802  000.072: sourcing /home/brian/.local/share/nvim/site/pack/packer/start/cmp-buffer/after/plugin/cmp_buffer.lua
064.207  000.052  000.052: require('cmp_nvim_lsp.source')
064.211  000.093  000.041: require('cmp_nvim_lsp')
064.292  000.196  000.103: sourcing /home/brian/.local/share/nvim/site/pack/packer/start/cmp-nvim-lsp/after/plugin/cmp_nvim_lsp.lua
064.607  000.067  000.067: require('cmp_nvim_lua')
064.682  000.267  000.201: sourcing /home/brian/.local/share/nvim/site/pack/packer/start/cmp-nvim-lua/after/plugin/cmp_nvim_lua.lua
064.834  000.069  000.069: require('cmp_path')
064.846  000.097  000.028: sourcing /home/brian/.local/share/nvim/site/pack/packer/start/cmp-path/after/plugin/cmp_path.lua
064.961  000.043  000.043: require('cmp_luasnip')
064.995  000.106  000.062: sourcing /home/brian/.local/share/nvim/site/pack/packer/start/cmp_luasnip/after/plugin/cmp_luasnip.lua
065.231  000.111  000.111: require('config.colors')
069.486  004.168  004.168: sourcing /home/brian/.local/share/nvim/site/pack/packer/start/papercolor-theme/colors/PaperColor.vim
069.879  004.793  000.514: sourcing /home/brian/.config/nvim/after/plugin/colors.lua
070.092  000.045  000.045: require('lsp-zero.presets')
070.172  000.029  000.029: require('lsp-zero.settings')
070.191  000.097  000.067: require('lsp-zero.server')
070.196  000.221  000.079: require('lsp-zero')
071.160  000.784  000.784: require('nvim-autopairs.completion.handlers')
071.167  000.828  000.044: require('nvim-autopairs.completion.cmp')
071.287  000.025  000.025: require('luasnip.loaders._caches')
071.327  000.037  000.037: require('luasnip.util.path')
071.342  000.109  000.048: require('luasnip.loaders')
071.396  000.050  000.050: require('luasnip.util.log')
071.408  000.240  000.081: require('luasnip')
071.496  000.039  000.039: require('lsp-zero.nvim-cmp-setup')
072.006  000.033  000.033: require('luasnip.loaders.util')
072.038  000.030  000.030: require('luasnip.nodes.snippetProxy')
072.043  000.112  000.050: require('luasnip.loaders.from_vscode')
076.618  005.034  004.921: require('lsp-zero.snippets')
077.056  000.035  000.035: require('lsp-zero.utils')
077.061  000.076  000.041: require('lsp-zero.state')
077.091  000.029  000.029: require('lsp-zero.installer')
077.216  000.042  000.042: require('mason-core.path')
077.225  000.090  000.048: require('mason.settings')
077.345  000.060  000.060: require('mason-core.functional')
077.401  000.022  000.022: require('mason-core.functional.data')
077.404  000.051  000.029: require('mason-core.functional.function')
077.442  000.028  000.028: require('mason-core.functional.relation')
077.469  000.023  000.023: require('mason-core.functional.logic')
077.478  000.251  000.090: require('mason-core.platform')
077.481  000.388  000.046: require('mason')
077.547  000.038  000.038: require('mason-core.log')
077.549  000.067  000.029: require('mason-lspconfig')
077.850  000.038  000.038: require('mason-core.functional.list')
077.864  000.096  000.058: require('mason.api.command')
077.894  000.025  000.025: require('mason-lspconfig.settings')
077.940  000.019  000.019: require('mason-core.notify')
077.943  000.048  000.028: require('mason-lspconfig.lspconfig_hook')
078.074  000.130  000.130: require('lspconfig.util')
078.161  000.029  000.029: require('mason-core.functional.table')
078.229  000.148  000.119: require('mason-lspconfig.mappings.server')
078.329  000.030  000.030: require('mason-core.async')
078.352  000.021  000.021: require('mason-core.async.uv')
078.357  000.089  000.038: require('mason-core.fs')
078.381  000.023  000.023: require('mason-core.optional')
078.406  000.023  000.023: require('mason-core.EventEmitter')
078.471  000.063  000.063: require('mason-registry.index')
078.478  000.245  000.046: require('mason-registry')
078.502  000.022  000.022: require('mason-lspconfig.server_config_extensions')
078.540  000.037  000.037: require('lspconfig.configs')
078.571  000.029  000.029: require('lspconfig.server_configurations.omnisharp')
078.700  000.024  000.024: require('mason-core.functional.number')
078.715  000.079  000.055: require('mason-lspconfig.api.command')
079.023  000.153  000.153: require('vim.diagnostic')
079.311  000.038  000.038: require('lspconfig')
079.346  000.032  000.032: require('lspconfig.server_configurations.clangd')
080.106  000.080  000.080: require('lspconfig.server_configurations.pyright')
080.964  000.069  000.069: require('lspconfig.server_configurations.gopls')
081.391  000.044  000.044: require('lspconfig.server_configurations.rust_analyzer')
081.741  000.046  000.046: require('lspconfig.server_configurations.sumneko_lua')
082.375  000.096  000.096: require('lspconfig.server_configurations.eslint')
082.875  000.126  000.126: require('lspconfig.server_configurations.bashls')
083.368  000.045  000.045: require('lspconfig.server_configurations.tsserver')
083.686  000.048  000.048: require('mason-lspconfig.ensure_installed')
083.961  000.072  000.072: require('mason-core.result')
084.173  000.083  000.083: require('mason-core.process')
084.209  000.201  000.118: require('mason-core.spawn')
084.261  000.048  000.048: require('mason-core.receipt')
084.303  000.037  000.037: require('mason-core.functional.string')
084.314  000.350  000.065: require('mason-core.installer.context')
084.350  000.035  000.035: require('mason-core.installer.linker')
084.380  000.028  000.028: require('mason-core.async.control')
084.383  000.639  000.154: require('mason-core.installer')
084.424  000.040  000.040: require('mason-core.installer.handle')
139.580  055.002  055.002: require('mason-core.managers.powershell')
139.593  055.064  000.062: require('mason-core.fetch')
139.599  055.094  000.029: require('mason-core.managers.cargo.client')
139.789  000.073  000.073: require('mason-core.managers.std')
139.889  000.039  000.039: require('mason-core.providers')
139.902  000.111  000.072: require('mason-core.managers.github.client')
139.909  000.307  000.123: require('mason-core.managers.github')
139.932  055.472  000.071: require('mason-core.managers.cargo')
140.055  000.122  000.122: require('mason-core.managers.composer')
140.154  000.096  000.096: require('mason-core.managers.gem')
140.214  000.058  000.058: require('mason-core.managers.git')
140.329  000.112  000.112: require('mason-core.managers.go')
140.443  000.111  000.111: require('mason-core.managers.luarocks')
140.508  000.063  000.063: require('mason-core.managers.npm')
140.576  000.065  000.065: require('mason-core.managers.pip3')
140.583  056.157  000.057: require('mason-core.package.version-check')
140.594  056.904  000.069: require('mason-core.package')
140.654  000.048  000.048: require('mason-registry.typescript-language-server')
140.727  000.062  000.062: require('mason-registry.eslint-lsp')
140.787  000.052  000.052: require('mason-registry.lua-language-server')
140.932  000.113  000.113: require('mason-registry.rust-analyzer')
141.007  000.066  000.066: require('mason-registry.gopls')
141.115  000.067  000.067: require('mason-registry.clangd')
141.208  000.083  000.083: require('mason-registry.pyright')
141.296  000.055  000.055: require('mason-registry.bash-language-server')
141.320  071.407  005.402: sourcing /home/brian/.config/nvim/after/plugin/lsp.lua
141.436  000.042  000.042: require('project_nvim')
141.892  000.525  000.484: sourcing /home/brian/.config/nvim/after/plugin/misc.lua
141.898  000.682: loading after plugins
141.911  000.013: inits 3
143.994  002.083: reading ShaDa
144.603  000.147  000.147: require('luasnip.loaders.from_lua')
144.751  000.103  000.103: require('luasnip.loaders.from_snipmate')
144.906  000.662: opening buffers
145.092  000.185: BufEnter autocommands
145.097  000.005: editing files in windows
353.675  208.325  208.325: sourcing /home/linuxbrew/.linuxbrew/Cellar/neovim/0.8.1/share/nvim/runtime/autoload/netrw.vim
354.121  000.063  000.063: sourcing /home/brian/.local/share/nvim/.netrwhist
356.871  001.469  001.469: require('vim.filetype')
357.881  000.299  000.299: require('vim.filetype.detect')
358.257  000.021  000.021: sourcing /home/linuxbrew/.linuxbrew/Cellar/neovim/0.8.1/share/nvim/runtime/scripts.vim
361.928  000.295  000.295: sourcing /home/linuxbrew/.linuxbrew/Cellar/neovim/0.8.1/share/nvim/runtime/syntax/netrw.vim
362.782  000.087  000.087: require('nvim-treesitter.highlight')
365.691  000.233  000.233: sourcing /home/linuxbrew/.linuxbrew/Cellar/neovim/0.8.1/share/nvim/runtime/syntax/netrw.vim
372.119  016.231: VimEnter autocommands
372.125  000.005: UIEnter autocommands
372.126  000.001: before starting main loop
373.497  000.090  000.090: require('feline.providers.file')
373.809  000.077  000.077: require('feline.providers.cursor')
374.234  001.941: first screen update
374.236  000.002: --- NVIM STARTED ---
